{"/home/tommi/code/dot-magic/src/config.ts": {"path":"/home/tommi/code/dot-magic/src/config.ts","statementMap":{"0":{"start":{"line":9,"column":2},"end":{"line":22,"column":3}},"1":{"start":{"line":10,"column":24},"end":{"line":10,"column":56}},"2":{"start":{"line":11,"column":22},"end":{"line":11,"column":40}},"3":{"start":{"line":14,"column":19},"end":{"line":14,"column":48}},"4":{"start":{"line":16,"column":4},"end":{"line":16,"column":18}},"5":{"start":{"line":18,"column":4},"end":{"line":20,"column":5}},"6":{"start":{"line":19,"column":6},"end":{"line":19,"column":84}},"7":{"start":{"line":21,"column":4},"end":{"line":21,"column":16}},"8":{"start":{"line":29,"column":2},"end":{"line":34,"column":3}},"9":{"start":{"line":30,"column":4},"end":{"line":32,"column":5}},"10":{"start":{"line":31,"column":6},"end":{"line":31,"column":77}},"11":{"start":{"line":33,"column":4},"end":{"line":33,"column":23}},"12":{"start":{"line":36,"column":25},"end":{"line":36,"column":62}},"13":{"start":{"line":37,"column":2},"end":{"line":39,"column":3}},"14":{"start":{"line":38,"column":4},"end":{"line":38,"column":97}},"15":{"start":{"line":41,"column":2},"end":{"line":43,"column":3}},"16":{"start":{"line":42,"column":4},"end":{"line":42,"column":108}},"17":{"start":{"line":45,"column":2},"end":{"line":45,"column":24}},"18":{"start":{"line":52,"column":18},"end":{"line":52,"column":46}},"19":{"start":{"line":53,"column":2},"end":{"line":55,"column":3}},"20":{"start":{"line":54,"column":4},"end":{"line":54,"column":58}},"21":{"start":{"line":57,"column":19},"end":{"line":57,"column":78}},"22":{"start":{"line":57,"column":58},"end":{"line":57,"column":77}},"23":{"start":{"line":58,"column":2},"end":{"line":60,"column":3}},"24":{"start":{"line":59,"column":4},"end":{"line":59,"column":86}},"25":{"start":{"line":62,"column":2},"end":{"line":62,"column":18}}},"fnMap":{"0":{"name":"loadConfig","decl":{"start":{"line":8,"column":16},"end":{"line":8,"column":26}},"loc":{"start":{"line":8,"column":45},"end":{"line":23,"column":1}}},"1":{"name":"resolveNetwork","decl":{"start":{"line":28,"column":16},"end":{"line":28,"column":30}},"loc":{"start":{"line":28,"column":83},"end":{"line":46,"column":1}}},"2":{"name":"findCurrency","decl":{"start":{"line":51,"column":16},"end":{"line":51,"column":28}},"loc":{"start":{"line":51,"column":80},"end":{"line":63,"column":1}}},"3":{"name":"(anonymous_3)","decl":{"start":{"line":57,"column":53},"end":{"line":57,"column":54}},"loc":{"start":{"line":57,"column":58},"end":{"line":57,"column":77}}}},"branchMap":{"0":{"loc":{"start":{"line":18,"column":4},"end":{"line":20,"column":5}},"type":"if","locations":[{"start":{"line":18,"column":4},"end":{"line":20,"column":5}},{"start":{},"end":{}}]},"1":{"loc":{"start":{"line":29,"column":2},"end":{"line":34,"column":3}},"type":"if","locations":[{"start":{"line":29,"column":2},"end":{"line":34,"column":3}},{"start":{},"end":{}}]},"2":{"loc":{"start":{"line":30,"column":4},"end":{"line":32,"column":5}},"type":"if","locations":[{"start":{"line":30,"column":4},"end":{"line":32,"column":5}},{"start":{},"end":{}}]},"3":{"loc":{"start":{"line":37,"column":2},"end":{"line":39,"column":3}},"type":"if","locations":[{"start":{"line":37,"column":2},"end":{"line":39,"column":3}},{"start":{},"end":{}}]},"4":{"loc":{"start":{"line":41,"column":2},"end":{"line":43,"column":3}},"type":"if","locations":[{"start":{"line":41,"column":2},"end":{"line":43,"column":3}},{"start":{},"end":{}}]},"5":{"loc":{"start":{"line":53,"column":2},"end":{"line":55,"column":3}},"type":"if","locations":[{"start":{"line":53,"column":2},"end":{"line":55,"column":3}},{"start":{},"end":{}}]},"6":{"loc":{"start":{"line":58,"column":2},"end":{"line":60,"column":3}},"type":"if","locations":[{"start":{"line":58,"column":2},"end":{"line":60,"column":3}},{"start":{},"end":{}}]}},"s":{"0":0,"1":0,"2":0,"3":0,"4":0,"5":0,"6":0,"7":0,"8":11,"9":3,"10":1,"11":2,"12":8,"13":8,"14":1,"15":7,"16":1,"17":6,"18":12,"19":12,"20":1,"21":11,"22":17,"23":11,"24":1,"25":10},"f":{"0":0,"1":11,"2":12,"3":17},"b":{"0":[0,0],"1":[3,8],"2":[1,2],"3":[1,7],"4":[1,6],"5":[1,11],"6":[1,10]}}
,"/home/tommi/code/dot-magic/src/index.ts": {"path":"/home/tommi/code/dot-magic/src/index.ts","statementMap":{"0":{"start":{"line":14,"column":20},"end":{"line":14,"column":67}},"1":{"start":{"line":21,"column":4},"end":{"line":31,"column":6}},"2":{"start":{"line":34,"column":4},"end":{"line":39,"column":5}},"3":{"start":{"line":35,"column":6},"end":{"line":35,"column":44}},"4":{"start":{"line":37,"column":6},"end":{"line":37,"column":60}},"5":{"start":{"line":38,"column":6},"end":{"line":38,"column":22}},"6":{"start":{"line":41,"column":4},"end":{"line":41,"column":25}},"7":{"start":{"line":46,"column":4},"end":{"line":109,"column":7}},"8":{"start":{"line":47,"column":6},"end":{"line":108,"column":8}},"9":{"start":{"line":112,"column":4},"end":{"line":136,"column":7}},"10":{"start":{"line":113,"column":40},"end":{"line":113,"column":54}},"11":{"start":{"line":115,"column":6},"end":{"line":135,"column":7}},"12":{"start":{"line":116,"column":8},"end":{"line":123,"column":9}},"13":{"start":{"line":118,"column":12},"end":{"line":118,"column":53}},"14":{"start":{"line":120,"column":12},"end":{"line":120,"column":53}},"15":{"start":{"line":122,"column":12},"end":{"line":122,"column":53}},"16":{"start":{"line":125,"column":29},"end":{"line":125,"column":83}},"17":{"start":{"line":126,"column":8},"end":{"line":134,"column":10}},"18":{"start":{"line":140,"column":57},"end":{"line":140,"column":61}},"19":{"start":{"line":143,"column":4},"end":{"line":145,"column":5}},"20":{"start":{"line":144,"column":6},"end":{"line":144,"column":86}},"21":{"start":{"line":148,"column":28},"end":{"line":148,"column":76}},"22":{"start":{"line":151,"column":21},"end":{"line":151,"column":71}},"23":{"start":{"line":154,"column":25},"end":{"line":154,"column":68}},"24":{"start":{"line":157,"column":20},"end":{"line":157,"column":70}},"25":{"start":{"line":159,"column":19},"end":{"line":163,"column":6}},"26":{"start":{"line":165,"column":4},"end":{"line":179,"column":6}},"27":{"start":{"line":183,"column":69},"end":{"line":183,"column":73}},"28":{"start":{"line":186,"column":4},"end":{"line":188,"column":5}},"29":{"start":{"line":187,"column":6},"end":{"line":187,"column":86}},"30":{"start":{"line":190,"column":4},"end":{"line":192,"column":5}},"31":{"start":{"line":191,"column":6},"end":{"line":191,"column":74}},"32":{"start":{"line":194,"column":4},"end":{"line":196,"column":5}},"33":{"start":{"line":195,"column":6},"end":{"line":195,"column":81}},"34":{"start":{"line":199,"column":26},"end":{"line":199,"column":41}},"35":{"start":{"line":200,"column":4},"end":{"line":202,"column":5}},"36":{"start":{"line":201,"column":6},"end":{"line":201,"column":61}},"37":{"start":{"line":205,"column":20},"end":{"line":205,"column":86}},"38":{"start":{"line":208,"column":19},"end":{"line":214,"column":6}},"39":{"start":{"line":216,"column":4},"end":{"line":231,"column":6}},"40":{"start":{"line":235,"column":35},"end":{"line":235,"column":52}},"41":{"start":{"line":236,"column":27},"end":{"line":236,"column":76}},"42":{"start":{"line":237,"column":4},"end":{"line":237,"column":42}},"43":{"start":{"line":241,"column":22},"end":{"line":241,"column":48}},"44":{"start":{"line":242,"column":4},"end":{"line":242,"column":41}},"45":{"start":{"line":243,"column":4},"end":{"line":243,"column":59}},"46":{"start":{"line":248,"column":15},"end":{"line":248,"column":35}},"47":{"start":{"line":249,"column":0},"end":{"line":252,"column":3}},"48":{"start":{"line":250,"column":2},"end":{"line":250,"column":40}},"49":{"start":{"line":251,"column":2},"end":{"line":251,"column":18}}},"fnMap":{"0":{"name":"(anonymous_0)","decl":{"start":{"line":20,"column":2},"end":{"line":20,"column":null}},"loc":{"start":{"line":20,"column":2},"end":{"line":42,"column":3}}},"1":{"name":"(anonymous_1)","decl":{"start":{"line":44,"column":10},"end":{"line":44,"column":23}},"loc":{"start":{"line":44,"column":23},"end":{"line":137,"column":3}}},"2":{"name":"(anonymous_2)","decl":{"start":{"line":46,"column":58},"end":{"line":46,"column":63}},"loc":{"start":{"line":46,"column":69},"end":{"line":109,"column":5}}},"3":{"name":"(anonymous_3)","decl":{"start":{"line":112,"column":57},"end":{"line":112,"column":62}},"loc":{"start":{"line":112,"column":75},"end":{"line":136,"column":5}}},"4":{"name":"(anonymous_4)","decl":{"start":{"line":139,"column":10},"end":{"line":139,"column":15}},"loc":{"start":{"line":139,"column":42},"end":{"line":180,"column":3}}},"5":{"name":"(anonymous_5)","decl":{"start":{"line":182,"column":10},"end":{"line":182,"column":15}},"loc":{"start":{"line":182,"column":42},"end":{"line":232,"column":3}}},"6":{"name":"(anonymous_6)","decl":{"start":{"line":234,"column":10},"end":{"line":234,"column":21}},"loc":{"start":{"line":234,"column":54},"end":{"line":238,"column":3}}},"7":{"name":"(anonymous_7)","decl":{"start":{"line":240,"column":2},"end":{"line":240,"column":7}},"loc":{"start":{"line":240,"column":11},"end":{"line":244,"column":3}}},"8":{"name":"(anonymous_8)","decl":{"start":{"line":249,"column":19},"end":{"line":249,"column":20}},"loc":{"start":{"line":249,"column":29},"end":{"line":252,"column":1}}}},"branchMap":{"0":{"loc":{"start":{"line":14,"column":20},"end":{"line":14,"column":67}},"type":"binary-expr","locations":[{"start":{"line":14,"column":20},"end":{"line":14,"column":48}},{"start":{"line":14,"column":52},"end":{"line":14,"column":67}}]},"1":{"loc":{"start":{"line":116,"column":8},"end":{"line":123,"column":9}},"type":"switch","locations":[{"start":{"line":117,"column":10},"end":{"line":118,"column":53}},{"start":{"line":119,"column":10},"end":{"line":120,"column":53}},{"start":{"line":121,"column":10},"end":{"line":122,"column":53}}]},"2":{"loc":{"start":{"line":125,"column":29},"end":{"line":125,"column":83}},"type":"cond-expr","locations":[{"start":{"line":125,"column":54},"end":{"line":125,"column":67}},{"start":{"line":125,"column":70},"end":{"line":125,"column":83}}]},"3":{"loc":{"start":{"line":143,"column":4},"end":{"line":145,"column":5}},"type":"if","locations":[{"start":{"line":143,"column":4},"end":{"line":145,"column":5}},{"start":{},"end":{}}]},"4":{"loc":{"start":{"line":143,"column":8},"end":{"line":143,"column":33}},"type":"binary-expr","locations":[{"start":{"line":143,"column":8},"end":{"line":143,"column":11}},{"start":{"line":143,"column":15},"end":{"line":143,"column":22}},{"start":{"line":143,"column":26},"end":{"line":143,"column":33}}]},"5":{"loc":{"start":{"line":186,"column":4},"end":{"line":188,"column":5}},"type":"if","locations":[{"start":{"line":186,"column":4},"end":{"line":188,"column":5}},{"start":{},"end":{}}]},"6":{"loc":{"start":{"line":186,"column":8},"end":{"line":186,"column":31}},"type":"binary-expr","locations":[{"start":{"line":186,"column":8},"end":{"line":186,"column":17}},{"start":{"line":186,"column":21},"end":{"line":186,"column":31}}]},"7":{"loc":{"start":{"line":190,"column":4},"end":{"line":192,"column":5}},"type":"if","locations":[{"start":{"line":190,"column":4},"end":{"line":192,"column":5}},{"start":{},"end":{}}]},"8":{"loc":{"start":{"line":190,"column":8},"end":{"line":190,"column":33}},"type":"binary-expr","locations":[{"start":{"line":190,"column":8},"end":{"line":190,"column":18}},{"start":{"line":190,"column":22},"end":{"line":190,"column":33}}]},"9":{"loc":{"start":{"line":194,"column":4},"end":{"line":196,"column":5}},"type":"if","locations":[{"start":{"line":194,"column":4},"end":{"line":196,"column":5}},{"start":{},"end":{}}]},"10":{"loc":{"start":{"line":194,"column":8},"end":{"line":194,"column":31}},"type":"binary-expr","locations":[{"start":{"line":194,"column":8},"end":{"line":194,"column":17}},{"start":{"line":194,"column":21},"end":{"line":194,"column":31}}]},"11":{"loc":{"start":{"line":199,"column":26},"end":{"line":199,"column":41}},"type":"binary-expr","locations":[{"start":{"line":199,"column":26},"end":{"line":199,"column":34}},{"start":{"line":199,"column":38},"end":{"line":199,"column":41}}]},"12":{"loc":{"start":{"line":200,"column":4},"end":{"line":202,"column":5}},"type":"if","locations":[{"start":{"line":200,"column":4},"end":{"line":202,"column":5}},{"start":{},"end":{}}]},"13":{"loc":{"start":{"line":200,"column":8},"end":{"line":200,"column":47}},"type":"binary-expr","locations":[{"start":{"line":200,"column":8},"end":{"line":200,"column":25}},{"start":{"line":200,"column":29},"end":{"line":200,"column":47}}]},"14":{"loc":{"start":{"line":225,"column":22},"end":{"line":225,"column":50}},"type":"binary-expr","locations":[{"start":{"line":225,"column":22},"end":{"line":225,"column":37}},{"start":{"line":225,"column":41},"end":{"line":225,"column":50}}]},"15":{"loc":{"start":{"line":226,"column":23},"end":{"line":226,"column":53}},"type":"binary-expr","locations":[{"start":{"line":226,"column":23},"end":{"line":226,"column":39}},{"start":{"line":226,"column":43},"end":{"line":226,"column":53}}]},"16":{"loc":{"start":{"line":235,"column":18},"end":{"line":235,"column":31}},"type":"default-arg","locations":[{"start":{"line":235,"column":29},"end":{"line":235,"column":31}}]}},"s":{"0":0,"1":0,"2":0,"3":0,"4":0,"5":0,"6":0,"7":0,"8":0,"9":0,"10":0,"11":0,"12":0,"13":0,"14":0,"15":0,"16":0,"17":0,"18":0,"19":0,"20":0,"21":0,"22":0,"23":0,"24":0,"25":0,"26":0,"27":0,"28":0,"29":0,"30":0,"31":0,"32":0,"33":0,"34":0,"35":0,"36":0,"37":0,"38":0,"39":0,"40":0,"41":0,"42":0,"43":0,"44":0,"45":0,"46":0,"47":0,"48":0,"49":0},"f":{"0":0,"1":0,"2":0,"3":0,"4":0,"5":0,"6":0,"7":0,"8":0},"b":{"0":[0,0],"1":[0,0,0],"2":[0,0],"3":[0,0],"4":[0,0,0],"5":[0,0],"6":[0,0],"7":[0,0],"8":[0,0],"9":[0,0],"10":[0,0],"11":[0,0],"12":[0,0],"13":[0,0],"14":[0,0],"15":[0,0],"16":[0]}}
,"/home/tommi/code/dot-magic/src/types.ts": {"path":"/home/tommi/code/dot-magic/src/types.ts","statementMap":{"0":{"start":{"line":4,"column":28},"end":{"line":10,"column":2}},"1":{"start":{"line":13,"column":23},"end":{"line":17,"column":2}},"2":{"start":{"line":20,"column":22},"end":{"line":28,"column":2}},"3":{"start":{"line":31,"column":21},"end":{"line":36,"column":2}},"4":{"start":{"line":39,"column":28},"end":{"line":43,"column":2}}},"fnMap":{},"branchMap":{},"s":{"0":1,"1":1,"2":1,"3":1,"4":1},"f":{},"b":{}}
,"/home/tommi/code/dot-magic/src/wallet.ts": {"path":"/home/tommi/code/dot-magic/src/wallet.ts","statementMap":{"0":{"start":{"line":24,"column":2},"end":{"line":24,"column":26}},"1":{"start":{"line":27,"column":24},"end":{"line":27,"column":54}},"2":{"start":{"line":28,"column":22},"end":{"line":28,"column":49}},"3":{"start":{"line":34,"column":2},"end":{"line":47,"column":3}},"4":{"start":{"line":35,"column":4},"end":{"line":35,"column":31}},"5":{"start":{"line":36,"column":9},"end":{"line":47,"column":3}},"6":{"start":{"line":37,"column":4},"end":{"line":37,"column":27}},"7":{"start":{"line":38,"column":9},"end":{"line":47,"column":3}},"8":{"start":{"line":39,"column":4},"end":{"line":39,"column":36}},"9":{"start":{"line":40,"column":9},"end":{"line":47,"column":3}},"10":{"start":{"line":41,"column":4},"end":{"line":41,"column":31}},"11":{"start":{"line":43,"column":4},"end":{"line":46,"column":6}},"12":{"start":{"line":49,"column":18},"end":{"line":49,"column":50}},"13":{"start":{"line":52,"column":2},"end":{"line":62,"column":3}},"14":{"start":{"line":54,"column":21},"end":{"line":54,"column":81}},"15":{"start":{"line":55,"column":4},"end":{"line":55,"column":54}},"16":{"start":{"line":56,"column":9},"end":{"line":62,"column":3}},"17":{"start":{"line":58,"column":27},"end":{"line":58,"column":59}},"18":{"start":{"line":59,"column":4},"end":{"line":59,"column":65}},"19":{"start":{"line":61,"column":4},"end":{"line":61,"column":52}},"20":{"start":{"line":65,"column":2},"end":{"line":96,"column":4}},"21":{"start":{"line":76,"column":29},"end":{"line":76,"column":60}},"22":{"start":{"line":77,"column":22},"end":{"line":79,"column":null}},"23":{"start":{"line":79,"column":44},"end":{"line":79,"column":60}},"24":{"start":{"line":82,"column":19},"end":{"line":82,"column":20}},"25":{"start":{"line":83,"column":6},"end":{"line":83,"column":36}},"26":{"start":{"line":84,"column":6},"end":{"line":84,"column":32}},"27":{"start":{"line":86,"column":6},"end":{"line":89,"column":7}},"28":{"start":{"line":87,"column":8},"end":{"line":87,"column":33}},"29":{"start":{"line":88,"column":8},"end":{"line":88,"column":29}},"30":{"start":{"line":92,"column":24},"end":{"line":92,"column":45}},"31":{"start":{"line":94,"column":6},"end":{"line":94,"column":23}},"32":{"start":{"line":103,"column":18},"end":{"line":103,"column":62}},"33":{"start":{"line":104,"column":18},"end":{"line":104,"column":55}},"34":{"start":{"line":105,"column":2},"end":{"line":105,"column":25}}},"fnMap":{"0":{"name":"createSigner","decl":{"start":{"line":22,"column":22},"end":{"line":22,"column":34}},"loc":{"start":{"line":22,"column":56},"end":{"line":97,"column":1}}},"1":{"name":"(anonymous_1)","decl":{"start":{"line":67,"column":10},"end":{"line":67,"column":15}},"loc":{"start":{"line":71,"column":8},"end":{"line":95,"column":5}}},"2":{"name":"(anonymous_2)","decl":{"start":{"line":79,"column":30},"end":{"line":79,"column":31}},"loc":{"start":{"line":79,"column":44},"end":{"line":79,"column":60}}},"3":{"name":"getSignerAddress","decl":{"start":{"line":102,"column":16},"end":{"line":102,"column":32}},"loc":{"start":{"line":102,"column":80},"end":{"line":106,"column":1}}}},"branchMap":{"0":{"loc":{"start":{"line":34,"column":2},"end":{"line":47,"column":3}},"type":"if","locations":[{"start":{"line":34,"column":2},"end":{"line":47,"column":3}},{"start":{"line":36,"column":9},"end":{"line":47,"column":3}}]},"1":{"loc":{"start":{"line":36,"column":9},"end":{"line":47,"column":3}},"type":"if","locations":[{"start":{"line":36,"column":9},"end":{"line":47,"column":3}},{"start":{"line":38,"column":9},"end":{"line":47,"column":3}}]},"2":{"loc":{"start":{"line":38,"column":9},"end":{"line":47,"column":3}},"type":"if","locations":[{"start":{"line":38,"column":9},"end":{"line":47,"column":3}},{"start":{"line":40,"column":9},"end":{"line":47,"column":3}}]},"3":{"loc":{"start":{"line":38,"column":13},"end":{"line":38,"column":65}},"type":"binary-expr","locations":[{"start":{"line":38,"column":13},"end":{"line":38,"column":43}},{"start":{"line":38,"column":47},"end":{"line":38,"column":65}}]},"4":{"loc":{"start":{"line":40,"column":9},"end":{"line":47,"column":3}},"type":"if","locations":[{"start":{"line":40,"column":9},"end":{"line":47,"column":3}},{"start":{"line":42,"column":9},"end":{"line":47,"column":3}}]},"5":{"loc":{"start":{"line":40,"column":13},"end":{"line":40,"column":59}},"type":"binary-expr","locations":[{"start":{"line":40,"column":13},"end":{"line":40,"column":40}},{"start":{"line":40,"column":44},"end":{"line":40,"column":59}}]},"6":{"loc":{"start":{"line":52,"column":2},"end":{"line":62,"column":3}},"type":"if","locations":[{"start":{"line":52,"column":2},"end":{"line":62,"column":3}},{"start":{"line":56,"column":9},"end":{"line":62,"column":3}}]},"7":{"loc":{"start":{"line":54,"column":21},"end":{"line":54,"column":81}},"type":"cond-expr","locations":[{"start":{"line":54,"column":51},"end":{"line":54,"column":61}},{"start":{"line":54,"column":64},"end":{"line":54,"column":81}}]},"8":{"loc":{"start":{"line":56,"column":9},"end":{"line":62,"column":3}},"type":"if","locations":[{"start":{"line":56,"column":9},"end":{"line":62,"column":3}},{"start":{"line":60,"column":9},"end":{"line":62,"column":3}}]},"9":{"loc":{"start":{"line":58,"column":27},"end":{"line":58,"column":59}},"type":"binary-expr","locations":[{"start":{"line":58,"column":27},"end":{"line":58,"column":50}},{"start":{"line":58,"column":54},"end":{"line":58,"column":59}}]},"10":{"loc":{"start":{"line":102,"column":57},"end":{"line":102,"column":80}},"type":"default-arg","locations":[{"start":{"line":102,"column":78},"end":{"line":102,"column":80}}]}},"s":{"0":15,"1":15,"2":15,"3":15,"4":2,"5":13,"6":3,"7":10,"8":1,"9":9,"10":7,"11":2,"12":13,"13":13,"14":3,"15":3,"16":10,"17":10,"18":10,"19":0,"20":13,"21":3,"22":3,"23":4,"24":3,"25":3,"26":3,"27":3,"28":4,"29":4,"30":3,"31":3,"32":4,"33":4,"34":4},"f":{"0":15,"1":3,"2":4,"3":4},"b":{"0":[2,13],"1":[3,10],"2":[1,9],"3":[10,1],"4":[7,2],"5":[9,7],"6":[3,10],"7":[2,1],"8":[10,0],"9":[10,8],"10":[1]}}
,"/home/tommi/code/dot-magic/src/handlers/assethub.ts": {"path":"/home/tommi/code/dot-magic/src/handlers/assethub.ts","statementMap":{"0":{"start":{"line":14,"column":24},"end":{"line":14,"column":28}},"1":{"start":{"line":15,"column":21},"end":{"line":15,"column":25}},"2":{"start":{"line":16,"column":24},"end":{"line":16,"column":28}},"3":{"start":{"line":24,"column":4},"end":{"line":24,"column":49}},"4":{"start":{"line":29,"column":4},"end":{"line":34,"column":5}},"5":{"start":{"line":30,"column":6},"end":{"line":30,"column":44}},"6":{"start":{"line":31,"column":6},"end":{"line":31,"column":68}},"7":{"start":{"line":32,"column":6},"end":{"line":32,"column":44}},"8":{"start":{"line":33,"column":6},"end":{"line":33,"column":13}},"9":{"start":{"line":37,"column":4},"end":{"line":37,"column":28}},"10":{"start":{"line":37,"column":21},"end":{"line":37,"column":28}},"11":{"start":{"line":40,"column":4},"end":{"line":40,"column":57}},"12":{"start":{"line":42,"column":20},"end":{"line":42,"column":27}},"13":{"start":{"line":43,"column":18},"end":{"line":45,"column":6}},"14":{"start":{"line":47,"column":4},"end":{"line":47,"column":53}},"15":{"start":{"line":48,"column":4},"end":{"line":48,"column":41}},"16":{"start":{"line":56,"column":4},"end":{"line":56,"column":28}},"17":{"start":{"line":58,"column":4},"end":{"line":60,"column":5}},"18":{"start":{"line":59,"column":6},"end":{"line":59,"column":58}},"19":{"start":{"line":62,"column":37},"end":{"line":62,"column":43}},"20":{"start":{"line":65,"column":4},"end":{"line":67,"column":5}},"21":{"start":{"line":66,"column":6},"end":{"line":66,"column":46}},"22":{"start":{"line":70,"column":4},"end":{"line":70,"column":53}},"23":{"start":{"line":74,"column":4},"end":{"line":76,"column":5}},"24":{"start":{"line":75,"column":6},"end":{"line":75,"column":45}},"25":{"start":{"line":79,"column":15},"end":{"line":82,"column":6}},"26":{"start":{"line":85,"column":19},"end":{"line":85,"column":54}},"27":{"start":{"line":87,"column":4},"end":{"line":90,"column":6}},"28":{"start":{"line":98,"column":4},"end":{"line":100,"column":5}},"29":{"start":{"line":99,"column":6},"end":{"line":99,"column":45}},"30":{"start":{"line":103,"column":20},"end":{"line":103,"column":49}},"31":{"start":{"line":106,"column":15},"end":{"line":110,"column":6}},"32":{"start":{"line":113,"column":19},"end":{"line":113,"column":54}},"33":{"start":{"line":115,"column":4},"end":{"line":118,"column":6}},"34":{"start":{"line":125,"column":4},"end":{"line":127,"column":5}},"35":{"start":{"line":126,"column":6},"end":{"line":126,"column":55}},"36":{"start":{"line":129,"column":21},"end":{"line":129,"column":47}},"37":{"start":{"line":132,"column":4},"end":{"line":137,"column":5}},"38":{"start":{"line":133,"column":27},"end":{"line":133,"column":82}},"39":{"start":{"line":133,"column":59},"end":{"line":133,"column":81}},"40":{"start":{"line":134,"column":6},"end":{"line":136,"column":7}},"41":{"start":{"line":135,"column":8},"end":{"line":135,"column":41}},"42":{"start":{"line":139,"column":4},"end":{"line":139,"column":87}},"43":{"start":{"line":145,"column":4},"end":{"line":145,"column":92}},"44":{"start":{"line":149,"column":4},"end":{"line":151,"column":5}},"45":{"start":{"line":150,"column":6},"end":{"line":150,"column":28}},"46":{"start":{"line":152,"column":4},"end":{"line":152,"column":23}},"47":{"start":{"line":153,"column":4},"end":{"line":153,"column":20}},"48":{"start":{"line":154,"column":4},"end":{"line":154,"column":23}}},"fnMap":{"0":{"name":"(anonymous_0)","decl":{"start":{"line":18,"column":2},"end":{"line":18,"column":null}},"loc":{"start":{"line":22,"column":28},"end":{"line":25,"column":3}}},"1":{"name":"(anonymous_1)","decl":{"start":{"line":27,"column":2},"end":{"line":27,"column":7}},"loc":{"start":{"line":27,"column":18},"end":{"line":49,"column":3}}},"2":{"name":"(anonymous_2)","decl":{"start":{"line":51,"column":2},"end":{"line":51,"column":7}},"loc":{"start":{"line":55,"column":3},"end":{"line":71,"column":3}}},"3":{"name":"(anonymous_3)","decl":{"start":{"line":73,"column":10},"end":{"line":73,"column":15}},"loc":{"start":{"line":73,"column":58},"end":{"line":91,"column":3}}},"4":{"name":"(anonymous_4)","decl":{"start":{"line":93,"column":10},"end":{"line":93,"column":15}},"loc":{"start":{"line":96,"column":18},"end":{"line":119,"column":3}}},"5":{"name":"(anonymous_5)","decl":{"start":{"line":124,"column":10},"end":{"line":124,"column":24}},"loc":{"start":{"line":124,"column":43},"end":{"line":140,"column":3}}},"6":{"name":"(anonymous_6)","decl":{"start":{"line":133,"column":44},"end":{"line":133,"column":45}},"loc":{"start":{"line":133,"column":59},"end":{"line":133,"column":81}}},"7":{"name":"(anonymous_7)","decl":{"start":{"line":142,"column":10},"end":{"line":142,"column":15}},"loc":{"start":{"line":142,"column":28},"end":{"line":146,"column":3}}},"8":{"name":"(anonymous_8)","decl":{"start":{"line":148,"column":2},"end":{"line":148,"column":7}},"loc":{"start":{"line":148,"column":15},"end":{"line":155,"column":3}}}},"branchMap":{"0":{"loc":{"start":{"line":29,"column":4},"end":{"line":34,"column":5}},"type":"if","locations":[{"start":{"line":29,"column":4},"end":{"line":34,"column":5}},{"start":{},"end":{}}]},"1":{"loc":{"start":{"line":31,"column":17},"end":{"line":31,"column":67}},"type":"binary-expr","locations":[{"start":{"line":31,"column":17},"end":{"line":31,"column":38}},{"start":{"line":31,"column":42},"end":{"line":31,"column":67}}]},"2":{"loc":{"start":{"line":37,"column":4},"end":{"line":37,"column":28}},"type":"if","locations":[{"start":{"line":37,"column":4},"end":{"line":37,"column":28}},{"start":{},"end":{}}]},"3":{"loc":{"start":{"line":58,"column":4},"end":{"line":60,"column":5}},"type":"if","locations":[{"start":{"line":58,"column":4},"end":{"line":60,"column":5}},{"start":{},"end":{}}]},"4":{"loc":{"start":{"line":58,"column":8},"end":{"line":58,"column":56}},"type":"binary-expr","locations":[{"start":{"line":58,"column":8},"end":{"line":58,"column":27}},{"start":{"line":58,"column":31},"end":{"line":58,"column":56}}]},"5":{"loc":{"start":{"line":65,"column":4},"end":{"line":67,"column":5}},"type":"if","locations":[{"start":{"line":65,"column":4},"end":{"line":67,"column":5}},{"start":{},"end":{}}]},"6":{"loc":{"start":{"line":74,"column":4},"end":{"line":76,"column":5}},"type":"if","locations":[{"start":{"line":74,"column":4},"end":{"line":76,"column":5}},{"start":{},"end":{}}]},"7":{"loc":{"start":{"line":98,"column":4},"end":{"line":100,"column":5}},"type":"if","locations":[{"start":{"line":98,"column":4},"end":{"line":100,"column":5}},{"start":{},"end":{}}]},"8":{"loc":{"start":{"line":125,"column":4},"end":{"line":127,"column":5}},"type":"if","locations":[{"start":{"line":125,"column":4},"end":{"line":127,"column":5}},{"start":{},"end":{}}]},"9":{"loc":{"start":{"line":132,"column":4},"end":{"line":137,"column":5}},"type":"if","locations":[{"start":{"line":132,"column":4},"end":{"line":137,"column":5}},{"start":{},"end":{}}]},"10":{"loc":{"start":{"line":132,"column":8},"end":{"line":132,"column":54}},"type":"binary-expr","locations":[{"start":{"line":132,"column":8},"end":{"line":132,"column":24}},{"start":{"line":132,"column":28},"end":{"line":132,"column":54}}]},"11":{"loc":{"start":{"line":134,"column":6},"end":{"line":136,"column":7}},"type":"if","locations":[{"start":{"line":134,"column":6},"end":{"line":136,"column":7}},{"start":{},"end":{}}]},"12":{"loc":{"start":{"line":134,"column":10},"end":{"line":134,"column":71}},"type":"binary-expr","locations":[{"start":{"line":134,"column":10},"end":{"line":134,"column":22}},{"start":{"line":134,"column":26},"end":{"line":134,"column":71}}]},"13":{"loc":{"start":{"line":149,"column":4},"end":{"line":151,"column":5}},"type":"if","locations":[{"start":{"line":149,"column":4},"end":{"line":151,"column":5}},{"start":{},"end":{}}]},"14":{"loc":{"start":{"line":149,"column":8},"end":{"line":149,"column":48}},"type":"binary-expr","locations":[{"start":{"line":149,"column":8},"end":{"line":149,"column":19}},{"start":{"line":149,"column":23},"end":{"line":149,"column":48}}]}},"s":{"0":14,"1":14,"2":14,"3":14,"4":12,"5":12,"6":12,"7":12,"8":12,"9":0,"10":0,"11":0,"12":0,"13":0,"14":0,"15":0,"16":12,"17":12,"18":1,"19":11,"20":11,"21":4,"22":7,"23":4,"24":0,"25":4,"26":4,"27":4,"28":7,"29":0,"30":7,"31":6,"32":6,"33":6,"34":7,"35":0,"36":7,"37":7,"38":6,"39":12,"40":6,"41":6,"42":1,"43":0,"44":14,"45":0,"46":14,"47":14,"48":14},"f":{"0":14,"1":12,"2":12,"3":4,"4":7,"5":7,"6":12,"7":0,"8":14},"b":{"0":[12,0],"1":[12,0],"2":[0,0],"3":[1,11],"4":[12,1],"5":[4,7],"6":[0,4],"7":[0,7],"8":[0,7],"9":[6,1],"10":[7,6],"11":[6,0],"12":[6,6],"13":[0,14],"14":[14,11]}}
,"/home/tommi/code/dot-magic/src/handlers/base.ts": {"path":"/home/tommi/code/dot-magic/src/handlers/base.ts","statementMap":{"0":{"start":{"line":15,"column":14},"end":{"line":15,"column":33}},"1":{"start":{"line":16,"column":14},"end":{"line":16,"column":30}},"2":{"start":{"line":17,"column":14},"end":{"line":17,"column":28}},"3":{"start":{"line":20,"column":4},"end":{"line":20,"column":27}},"4":{"start":{"line":33,"column":4},"end":{"line":33,"column":39}},"5":{"start":{"line":40,"column":35},"end":{"line":40,"column":52}},"6":{"start":{"line":41,"column":27},"end":{"line":41,"column":76}},"7":{"start":{"line":42,"column":4},"end":{"line":42,"column":42}},"8":{"start":{"line":49,"column":16},"end":{"line":49,"column":61}},"9":{"start":{"line":50,"column":18},"end":{"line":50,"column":48}},"10":{"start":{"line":51,"column":21},"end":{"line":51,"column":41}},"11":{"start":{"line":52,"column":4},"end":{"line":52,"column":56}}},"fnMap":{"0":{"name":"(anonymous_0)","decl":{"start":{"line":14,"column":2},"end":{"line":14,"column":null}},"loc":{"start":{"line":18,"column":28},"end":{"line":21,"column":3}}},"1":{"name":"(anonymous_1)","decl":{"start":{"line":32,"column":12},"end":{"line":32,"column":21}},"loc":{"start":{"line":32,"column":21},"end":{"line":34,"column":3}}},"2":{"name":"(anonymous_2)","decl":{"start":{"line":39,"column":12},"end":{"line":39,"column":23}},"loc":{"start":{"line":39,"column":56},"end":{"line":43,"column":3}}},"3":{"name":"(anonymous_3)","decl":{"start":{"line":48,"column":12},"end":{"line":48,"column":24}},"loc":{"start":{"line":48,"column":57},"end":{"line":53,"column":3}}}},"branchMap":{"0":{"loc":{"start":{"line":40,"column":18},"end":{"line":40,"column":31}},"type":"default-arg","locations":[{"start":{"line":40,"column":29},"end":{"line":40,"column":31}}]},"1":{"loc":{"start":{"line":50,"column":18},"end":{"line":50,"column":48}},"type":"binary-expr","locations":[{"start":{"line":50,"column":18},"end":{"line":50,"column":41}},{"start":{"line":50,"column":45},"end":{"line":50,"column":48}}]}},"s":{"0":34,"1":34,"2":34,"3":34,"4":0,"5":10,"6":10,"7":10,"8":10,"9":10,"10":10,"11":10},"f":{"0":34,"1":0,"2":10,"3":10},"b":{"0":[9],"1":[10,0]}}
,"/home/tommi/code/dot-magic/src/handlers/factory.ts": {"path":"/home/tommi/code/dot-magic/src/handlers/factory.ts","statementMap":{"0":{"start":{"line":14,"column":18},"end":{"line":14,"column":46}},"1":{"start":{"line":15,"column":2},"end":{"line":17,"column":3}},"2":{"start":{"line":16,"column":4},"end":{"line":16,"column":75}},"3":{"start":{"line":20,"column":20},"end":{"line":20,"column":45}},"4":{"start":{"line":22,"column":2},"end":{"line":24,"column":3}},"5":{"start":{"line":23,"column":4},"end":{"line":23,"column":71}},"6":{"start":{"line":27,"column":2},"end":{"line":34,"column":3}},"7":{"start":{"line":33,"column":4},"end":{"line":33,"column":70}},"8":{"start":{"line":36,"column":2},"end":{"line":36,"column":75}}},"fnMap":{"0":{"name":"createNetworkHandler","decl":{"start":{"line":9,"column":16},"end":{"line":9,"column":36}},"loc":{"start":{"line":12,"column":26},"end":{"line":37,"column":1}}}},"branchMap":{"0":{"loc":{"start":{"line":15,"column":2},"end":{"line":17,"column":3}},"type":"if","locations":[{"start":{"line":15,"column":2},"end":{"line":17,"column":3}},{"start":{},"end":{}}]},"1":{"loc":{"start":{"line":22,"column":2},"end":{"line":24,"column":3}},"type":"if","locations":[{"start":{"line":22,"column":2},"end":{"line":24,"column":3}},{"start":{},"end":{}}]},"2":{"loc":{"start":{"line":27,"column":2},"end":{"line":34,"column":3}},"type":"if","locations":[{"start":{"line":27,"column":2},"end":{"line":34,"column":3}},{"start":{},"end":{}}]},"3":{"loc":{"start":{"line":28,"column":4},"end":{"line":31,"column":35}},"type":"binary-expr","locations":[{"start":{"line":28,"column":4},"end":{"line":28,"column":34}},{"start":{"line":29,"column":4},"end":{"line":29,"column":35}},{"start":{"line":30,"column":4},"end":{"line":30,"column":35}},{"start":{"line":31,"column":4},"end":{"line":31,"column":35}}]}},"s":{"0":0,"1":0,"2":0,"3":0,"4":0,"5":0,"6":0,"7":0,"8":0},"f":{"0":0},"b":{"0":[0,0],"1":[0,0],"2":[0,0],"3":[0,0,0,0]}}
,"/home/tommi/code/dot-magic/src/handlers/hydration.ts": {"path":"/home/tommi/code/dot-magic/src/handlers/hydration.ts","statementMap":{"0":{"start":{"line":13,"column":24},"end":{"line":13,"column":28}},"1":{"start":{"line":14,"column":21},"end":{"line":14,"column":25}},"2":{"start":{"line":15,"column":24},"end":{"line":15,"column":28}},"3":{"start":{"line":23,"column":4},"end":{"line":23,"column":49}},"4":{"start":{"line":28,"column":4},"end":{"line":33,"column":5}},"5":{"start":{"line":29,"column":6},"end":{"line":29,"column":44}},"6":{"start":{"line":30,"column":6},"end":{"line":30,"column":68}},"7":{"start":{"line":31,"column":6},"end":{"line":31,"column":44}},"8":{"start":{"line":32,"column":6},"end":{"line":32,"column":13}},"9":{"start":{"line":36,"column":4},"end":{"line":36,"column":28}},"10":{"start":{"line":36,"column":21},"end":{"line":36,"column":28}},"11":{"start":{"line":39,"column":4},"end":{"line":39,"column":57}},"12":{"start":{"line":41,"column":20},"end":{"line":41,"column":27}},"13":{"start":{"line":42,"column":18},"end":{"line":44,"column":6}},"14":{"start":{"line":46,"column":4},"end":{"line":46,"column":53}},"15":{"start":{"line":47,"column":4},"end":{"line":47,"column":41}},"16":{"start":{"line":55,"column":4},"end":{"line":55,"column":28}},"17":{"start":{"line":57,"column":4},"end":{"line":59,"column":5}},"18":{"start":{"line":58,"column":6},"end":{"line":58,"column":58}},"19":{"start":{"line":62,"column":4},"end":{"line":64,"column":5}},"20":{"start":{"line":63,"column":6},"end":{"line":63,"column":60}},"21":{"start":{"line":66,"column":4},"end":{"line":66,"column":86}},"22":{"start":{"line":73,"column":4},"end":{"line":73,"column":28}},"23":{"start":{"line":75,"column":4},"end":{"line":77,"column":5}},"24":{"start":{"line":76,"column":6},"end":{"line":76,"column":58}},"25":{"start":{"line":80,"column":21},"end":{"line":80,"column":43}},"26":{"start":{"line":81,"column":4},"end":{"line":83,"column":5}},"27":{"start":{"line":82,"column":6},"end":{"line":82,"column":61}},"28":{"start":{"line":86,"column":4},"end":{"line":88,"column":5}},"29":{"start":{"line":87,"column":6},"end":{"line":87,"column":72}},"30":{"start":{"line":89,"column":4},"end":{"line":91,"column":5}},"31":{"start":{"line":90,"column":6},"end":{"line":90,"column":79}},"32":{"start":{"line":94,"column":28},"end":{"line":95,"column":null}},"33":{"start":{"line":95,"column":11},"end":{"line":95,"column":38}},"34":{"start":{"line":97,"column":29},"end":{"line":98,"column":null}},"35":{"start":{"line":98,"column":11},"end":{"line":98,"column":39}},"36":{"start":{"line":101,"column":4},"end":{"line":103,"column":5}},"37":{"start":{"line":102,"column":6},"end":{"line":102,"column":76}},"38":{"start":{"line":104,"column":4},"end":{"line":106,"column":5}},"39":{"start":{"line":105,"column":6},"end":{"line":105,"column":77}},"40":{"start":{"line":109,"column":22},"end":{"line":109,"column":54}},"41":{"start":{"line":110,"column":23},"end":{"line":110,"column":56}},"42":{"start":{"line":113,"column":4},"end":{"line":117,"column":5}},"43":{"start":{"line":114,"column":6},"end":{"line":114,"column":99}},"44":{"start":{"line":116,"column":6},"end":{"line":116,"column":101}},"45":{"start":{"line":127,"column":4},"end":{"line":129,"column":5}},"46":{"start":{"line":128,"column":6},"end":{"line":128,"column":45}},"47":{"start":{"line":132,"column":19},"end":{"line":132,"column":55}},"48":{"start":{"line":136,"column":24},"end":{"line":136,"column":30}},"49":{"start":{"line":137,"column":24},"end":{"line":137,"column":50}},"50":{"start":{"line":138,"column":25},"end":{"line":138,"column":83}},"51":{"start":{"line":141,"column":15},"end":{"line":147,"column":6}},"52":{"start":{"line":150,"column":19},"end":{"line":150,"column":54}},"53":{"start":{"line":152,"column":4},"end":{"line":158,"column":6}},"54":{"start":{"line":168,"column":4},"end":{"line":170,"column":5}},"55":{"start":{"line":169,"column":6},"end":{"line":169,"column":45}},"56":{"start":{"line":173,"column":19},"end":{"line":173,"column":56}},"57":{"start":{"line":176,"column":23},"end":{"line":176,"column":29}},"58":{"start":{"line":177,"column":24},"end":{"line":177,"column":50}},"59":{"start":{"line":178,"column":24},"end":{"line":178,"column":80}},"60":{"start":{"line":181,"column":15},"end":{"line":187,"column":6}},"61":{"start":{"line":190,"column":19},"end":{"line":190,"column":54}},"62":{"start":{"line":192,"column":4},"end":{"line":198,"column":6}},"63":{"start":{"line":205,"column":4},"end":{"line":207,"column":5}},"64":{"start":{"line":206,"column":6},"end":{"line":206,"column":15}},"65":{"start":{"line":211,"column":45},"end":{"line":215,"column":6}},"66":{"start":{"line":217,"column":4},"end":{"line":219,"column":5}},"67":{"start":{"line":218,"column":6},"end":{"line":218,"column":39}},"68":{"start":{"line":221,"column":4},"end":{"line":221,"column":76}},"69":{"start":{"line":225,"column":4},"end":{"line":227,"column":5}},"70":{"start":{"line":226,"column":6},"end":{"line":226,"column":45}},"71":{"start":{"line":229,"column":15},"end":{"line":232,"column":6}},"72":{"start":{"line":234,"column":19},"end":{"line":234,"column":54}},"73":{"start":{"line":236,"column":4},"end":{"line":239,"column":6}},"74":{"start":{"line":243,"column":4},"end":{"line":243,"column":92}},"75":{"start":{"line":247,"column":4},"end":{"line":249,"column":5}},"76":{"start":{"line":248,"column":6},"end":{"line":248,"column":28}},"77":{"start":{"line":250,"column":4},"end":{"line":250,"column":23}},"78":{"start":{"line":251,"column":4},"end":{"line":251,"column":20}},"79":{"start":{"line":252,"column":4},"end":{"line":252,"column":23}}},"fnMap":{"0":{"name":"(anonymous_0)","decl":{"start":{"line":17,"column":2},"end":{"line":17,"column":null}},"loc":{"start":{"line":21,"column":28},"end":{"line":24,"column":3}}},"1":{"name":"(anonymous_1)","decl":{"start":{"line":26,"column":2},"end":{"line":26,"column":7}},"loc":{"start":{"line":26,"column":18},"end":{"line":48,"column":3}}},"2":{"name":"(anonymous_2)","decl":{"start":{"line":50,"column":2},"end":{"line":50,"column":7}},"loc":{"start":{"line":54,"column":3},"end":{"line":67,"column":3}}},"3":{"name":"(anonymous_3)","decl":{"start":{"line":72,"column":2},"end":{"line":72,"column":7}},"loc":{"start":{"line":72,"column":31},"end":{"line":118,"column":3}}},"4":{"name":"(anonymous_4)","decl":{"start":{"line":95,"column":6},"end":{"line":95,"column":7}},"loc":{"start":{"line":95,"column":11},"end":{"line":95,"column":38}}},"5":{"name":"(anonymous_5)","decl":{"start":{"line":98,"column":6},"end":{"line":98,"column":7}},"loc":{"start":{"line":98,"column":11},"end":{"line":98,"column":39}}},"6":{"name":"(anonymous_6)","decl":{"start":{"line":120,"column":10},"end":{"line":120,"column":15}},"loc":{"start":{"line":125,"column":20},"end":{"line":159,"column":3}}},"7":{"name":"(anonymous_7)","decl":{"start":{"line":161,"column":10},"end":{"line":161,"column":15}},"loc":{"start":{"line":166,"column":20},"end":{"line":199,"column":3}}},"8":{"name":"(anonymous_8)","decl":{"start":{"line":204,"column":10},"end":{"line":204,"column":20}},"loc":{"start":{"line":204,"column":39},"end":{"line":222,"column":3}}},"9":{"name":"(anonymous_9)","decl":{"start":{"line":224,"column":10},"end":{"line":224,"column":15}},"loc":{"start":{"line":224,"column":58},"end":{"line":240,"column":3}}},"10":{"name":"(anonymous_10)","decl":{"start":{"line":242,"column":10},"end":{"line":242,"column":15}},"loc":{"start":{"line":242,"column":28},"end":{"line":244,"column":3}}},"11":{"name":"(anonymous_11)","decl":{"start":{"line":246,"column":2},"end":{"line":246,"column":7}},"loc":{"start":{"line":246,"column":15},"end":{"line":253,"column":3}}}},"branchMap":{"0":{"loc":{"start":{"line":28,"column":4},"end":{"line":33,"column":5}},"type":"if","locations":[{"start":{"line":28,"column":4},"end":{"line":33,"column":5}},{"start":{},"end":{}}]},"1":{"loc":{"start":{"line":30,"column":17},"end":{"line":30,"column":67}},"type":"binary-expr","locations":[{"start":{"line":30,"column":17},"end":{"line":30,"column":38}},{"start":{"line":30,"column":42},"end":{"line":30,"column":67}}]},"2":{"loc":{"start":{"line":36,"column":4},"end":{"line":36,"column":28}},"type":"if","locations":[{"start":{"line":36,"column":4},"end":{"line":36,"column":28}},{"start":{},"end":{}}]},"3":{"loc":{"start":{"line":57,"column":4},"end":{"line":59,"column":5}},"type":"if","locations":[{"start":{"line":57,"column":4},"end":{"line":59,"column":5}},{"start":{},"end":{}}]},"4":{"loc":{"start":{"line":57,"column":8},"end":{"line":57,"column":56}},"type":"binary-expr","locations":[{"start":{"line":57,"column":8},"end":{"line":57,"column":27}},{"start":{"line":57,"column":31},"end":{"line":57,"column":56}}]},"5":{"loc":{"start":{"line":62,"column":4},"end":{"line":64,"column":5}},"type":"if","locations":[{"start":{"line":62,"column":4},"end":{"line":64,"column":5}},{"start":{},"end":{}}]},"6":{"loc":{"start":{"line":75,"column":4},"end":{"line":77,"column":5}},"type":"if","locations":[{"start":{"line":75,"column":4},"end":{"line":77,"column":5}},{"start":{},"end":{}}]},"7":{"loc":{"start":{"line":75,"column":8},"end":{"line":75,"column":56}},"type":"binary-expr","locations":[{"start":{"line":75,"column":8},"end":{"line":75,"column":27}},{"start":{"line":75,"column":31},"end":{"line":75,"column":56}}]},"8":{"loc":{"start":{"line":80,"column":21},"end":{"line":80,"column":43}},"type":"binary-expr","locations":[{"start":{"line":80,"column":21},"end":{"line":80,"column":36}},{"start":{"line":80,"column":40},"end":{"line":80,"column":43}}]},"9":{"loc":{"start":{"line":81,"column":4},"end":{"line":83,"column":5}},"type":"if","locations":[{"start":{"line":81,"column":4},"end":{"line":83,"column":5}},{"start":{},"end":{}}]},"10":{"loc":{"start":{"line":81,"column":8},"end":{"line":81,"column":37}},"type":"binary-expr","locations":[{"start":{"line":81,"column":8},"end":{"line":81,"column":20}},{"start":{"line":81,"column":24},"end":{"line":81,"column":37}}]},"11":{"loc":{"start":{"line":86,"column":4},"end":{"line":88,"column":5}},"type":"if","locations":[{"start":{"line":86,"column":4},"end":{"line":88,"column":5}},{"start":{},"end":{}}]},"12":{"loc":{"start":{"line":86,"column":8},"end":{"line":86,"column":45}},"type":"binary-expr","locations":[{"start":{"line":86,"column":8},"end":{"line":86,"column":24}},{"start":{"line":86,"column":28},"end":{"line":86,"column":45}}]},"13":{"loc":{"start":{"line":89,"column":4},"end":{"line":91,"column":5}},"type":"if","locations":[{"start":{"line":89,"column":4},"end":{"line":91,"column":5}},{"start":{},"end":{}}]},"14":{"loc":{"start":{"line":89,"column":8},"end":{"line":89,"column":43}},"type":"binary-expr","locations":[{"start":{"line":89,"column":8},"end":{"line":89,"column":23}},{"start":{"line":89,"column":27},"end":{"line":89,"column":43}}]},"15":{"loc":{"start":{"line":101,"column":4},"end":{"line":103,"column":5}},"type":"if","locations":[{"start":{"line":101,"column":4},"end":{"line":103,"column":5}},{"start":{},"end":{}}]},"16":{"loc":{"start":{"line":104,"column":4},"end":{"line":106,"column":5}},"type":"if","locations":[{"start":{"line":104,"column":4},"end":{"line":106,"column":5}},{"start":{},"end":{}}]},"17":{"loc":{"start":{"line":113,"column":4},"end":{"line":117,"column":5}},"type":"if","locations":[{"start":{"line":113,"column":4},"end":{"line":117,"column":5}},{"start":{"line":115,"column":11},"end":{"line":117,"column":5}}]},"18":{"loc":{"start":{"line":127,"column":4},"end":{"line":129,"column":5}},"type":"if","locations":[{"start":{"line":127,"column":4},"end":{"line":129,"column":5}},{"start":{},"end":{}}]},"19":{"loc":{"start":{"line":168,"column":4},"end":{"line":170,"column":5}},"type":"if","locations":[{"start":{"line":168,"column":4},"end":{"line":170,"column":5}},{"start":{},"end":{}}]},"20":{"loc":{"start":{"line":205,"column":4},"end":{"line":207,"column":5}},"type":"if","locations":[{"start":{"line":205,"column":4},"end":{"line":207,"column":5}},{"start":{},"end":{}}]},"21":{"loc":{"start":{"line":217,"column":4},"end":{"line":219,"column":5}},"type":"if","locations":[{"start":{"line":217,"column":4},"end":{"line":219,"column":5}},{"start":{},"end":{}}]},"22":{"loc":{"start":{"line":225,"column":4},"end":{"line":227,"column":5}},"type":"if","locations":[{"start":{"line":225,"column":4},"end":{"line":227,"column":5}},{"start":{},"end":{}}]},"23":{"loc":{"start":{"line":247,"column":4},"end":{"line":249,"column":5}},"type":"if","locations":[{"start":{"line":247,"column":4},"end":{"line":249,"column":5}},{"start":{},"end":{}}]},"24":{"loc":{"start":{"line":247,"column":8},"end":{"line":247,"column":48}},"type":"binary-expr","locations":[{"start":{"line":247,"column":8},"end":{"line":247,"column":19}},{"start":{"line":247,"column":23},"end":{"line":247,"column":48}}]}},"s":{"0":20,"1":20,"2":20,"3":20,"4":19,"5":19,"6":19,"7":19,"8":19,"9":0,"10":0,"11":0,"12":0,"13":0,"14":0,"15":0,"16":2,"17":2,"18":0,"19":2,"20":1,"21":1,"22":17,"23":17,"24":1,"25":16,"26":16,"27":2,"28":14,"29":1,"30":13,"31":1,"32":12,"33":24,"34":12,"35":22,"36":12,"37":1,"38":11,"39":1,"40":10,"41":10,"42":10,"43":8,"44":2,"45":8,"46":0,"47":8,"48":8,"49":8,"50":8,"51":8,"52":8,"53":8,"54":2,"55":0,"56":2,"57":2,"58":2,"59":2,"60":2,"61":2,"62":2,"63":20,"64":7,"65":13,"66":13,"67":13,"68":0,"69":1,"70":0,"71":1,"72":1,"73":1,"74":0,"75":20,"76":0,"77":20,"78":20,"79":20},"f":{"0":20,"1":19,"2":2,"3":17,"4":24,"5":22,"6":8,"7":2,"8":20,"9":1,"10":0,"11":20},"b":{"0":[19,0],"1":[19,0],"2":[0,0],"3":[0,2],"4":[2,0],"5":[1,1],"6":[1,16],"7":[17,1],"8":[16,8],"9":[2,14],"10":[16,15],"11":[1,13],"12":[14,3],"13":[1,12],"14":[13,11],"15":[1,11],"16":[1,10],"17":[8,2],"18":[0,8],"19":[0,2],"20":[7,13],"21":[13,0],"22":[0,1],"23":[0,20],"24":[20,19]}}
}
