TN:
SF:src/config.ts
FN:8,loadConfig
FN:28,resolveNetwork
FN:51,findCurrency
FN:57,(anonymous_3)
FNF:4
FNH:3
FNDA:0,loadConfig
FNDA:11,resolveNetwork
FNDA:12,findCurrency
FNDA:17,(anonymous_3)
DA:9,0
DA:10,0
DA:11,0
DA:14,0
DA:16,0
DA:18,0
DA:19,0
DA:21,0
DA:29,11
DA:30,3
DA:31,1
DA:33,2
DA:36,8
DA:37,8
DA:38,1
DA:41,7
DA:42,1
DA:45,6
DA:52,12
DA:53,12
DA:54,1
DA:57,17
DA:58,11
DA:59,1
DA:62,10
LF:25
LH:17
BRDA:18,0,0,0
BRDA:18,0,1,0
BRDA:29,1,0,3
BRDA:29,1,1,8
BRDA:30,2,0,1
BRDA:30,2,1,2
BRDA:37,3,0,1
BRDA:37,3,1,7
BRDA:41,4,0,1
BRDA:41,4,1,6
BRDA:53,5,0,1
BRDA:53,5,1,11
BRDA:58,6,0,1
BRDA:58,6,1,10
BRF:14
BRH:12
end_of_record
TN:
SF:src/index.ts
FN:20,(anonymous_0)
FN:44,(anonymous_1)
FN:46,(anonymous_2)
FN:112,(anonymous_3)
FN:139,(anonymous_4)
FN:182,(anonymous_5)
FN:234,(anonymous_6)
FN:240,(anonymous_7)
FN:249,(anonymous_8)
FNF:9
FNH:0
FNDA:0,(anonymous_0)
FNDA:0,(anonymous_1)
FNDA:0,(anonymous_2)
FNDA:0,(anonymous_3)
FNDA:0,(anonymous_4)
FNDA:0,(anonymous_5)
FNDA:0,(anonymous_6)
FNDA:0,(anonymous_7)
FNDA:0,(anonymous_8)
DA:14,0
DA:21,0
DA:34,0
DA:35,0
DA:37,0
DA:38,0
DA:41,0
DA:46,0
DA:47,0
DA:112,0
DA:113,0
DA:115,0
DA:116,0
DA:118,0
DA:120,0
DA:122,0
DA:125,0
DA:126,0
DA:140,0
DA:143,0
DA:144,0
DA:148,0
DA:151,0
DA:154,0
DA:157,0
DA:159,0
DA:165,0
DA:183,0
DA:186,0
DA:187,0
DA:190,0
DA:191,0
DA:194,0
DA:195,0
DA:199,0
DA:200,0
DA:201,0
DA:205,0
DA:208,0
DA:216,0
DA:235,0
DA:236,0
DA:237,0
DA:241,0
DA:242,0
DA:243,0
DA:248,0
DA:249,0
DA:250,0
DA:251,0
LF:50
LH:0
BRDA:14,0,0,0
BRDA:14,0,1,0
BRDA:116,1,0,0
BRDA:116,1,1,0
BRDA:116,1,2,0
BRDA:125,2,0,0
BRDA:125,2,1,0
BRDA:143,3,0,0
BRDA:143,3,1,0
BRDA:143,4,0,0
BRDA:143,4,1,0
BRDA:143,4,2,0
BRDA:186,5,0,0
BRDA:186,5,1,0
BRDA:186,6,0,0
BRDA:186,6,1,0
BRDA:190,7,0,0
BRDA:190,7,1,0
BRDA:190,8,0,0
BRDA:190,8,1,0
BRDA:194,9,0,0
BRDA:194,9,1,0
BRDA:194,10,0,0
BRDA:194,10,1,0
BRDA:199,11,0,0
BRDA:199,11,1,0
BRDA:200,12,0,0
BRDA:200,12,1,0
BRDA:200,13,0,0
BRDA:200,13,1,0
BRDA:225,14,0,0
BRDA:225,14,1,0
BRDA:226,15,0,0
BRDA:226,15,1,0
BRDA:235,16,0,0
BRF:35
BRH:0
end_of_record
TN:
SF:src/types.ts
FNF:0
FNH:0
DA:4,1
DA:13,1
DA:20,1
DA:31,1
DA:39,1
LF:5
LH:5
BRF:0
BRH:0
end_of_record
TN:
SF:src/wallet.ts
FN:22,createSigner
FN:67,(anonymous_1)
FN:79,(anonymous_2)
FN:102,getSignerAddress
FNF:4
FNH:4
FNDA:15,createSigner
FNDA:3,(anonymous_1)
FNDA:4,(anonymous_2)
FNDA:4,getSignerAddress
DA:24,15
DA:27,15
DA:28,15
DA:34,15
DA:35,2
DA:36,13
DA:37,3
DA:38,10
DA:39,1
DA:40,9
DA:41,7
DA:43,2
DA:49,13
DA:52,13
DA:54,3
DA:55,3
DA:56,10
DA:58,10
DA:59,10
DA:61,0
DA:65,13
DA:76,3
DA:77,3
DA:79,4
DA:82,3
DA:83,3
DA:84,3
DA:86,3
DA:87,4
DA:88,4
DA:92,3
DA:94,3
DA:103,4
DA:104,4
DA:105,4
LF:35
LH:34
BRDA:34,0,0,2
BRDA:34,0,1,13
BRDA:36,1,0,3
BRDA:36,1,1,10
BRDA:38,2,0,1
BRDA:38,2,1,9
BRDA:38,3,0,10
BRDA:38,3,1,1
BRDA:40,4,0,7
BRDA:40,4,1,2
BRDA:40,5,0,9
BRDA:40,5,1,7
BRDA:52,6,0,3
BRDA:52,6,1,10
BRDA:54,7,0,2
BRDA:54,7,1,1
BRDA:56,8,0,10
BRDA:56,8,1,0
BRDA:58,9,0,10
BRDA:58,9,1,8
BRDA:102,10,0,1
BRF:21
BRH:20
end_of_record
TN:
SF:src/handlers/assethub.ts
FN:18,(anonymous_0)
FN:27,(anonymous_1)
FN:51,(anonymous_2)
FN:73,(anonymous_3)
FN:93,(anonymous_4)
FN:124,(anonymous_5)
FN:133,(anonymous_6)
FN:142,(anonymous_7)
FN:148,(anonymous_8)
FNF:9
FNH:8
FNDA:14,(anonymous_0)
FNDA:12,(anonymous_1)
FNDA:12,(anonymous_2)
FNDA:4,(anonymous_3)
FNDA:7,(anonymous_4)
FNDA:7,(anonymous_5)
FNDA:12,(anonymous_6)
FNDA:0,(anonymous_7)
FNDA:14,(anonymous_8)
DA:14,14
DA:15,14
DA:16,14
DA:24,14
DA:29,12
DA:30,12
DA:31,12
DA:32,12
DA:33,12
DA:37,0
DA:40,0
DA:42,0
DA:43,0
DA:47,0
DA:48,0
DA:56,12
DA:58,12
DA:59,1
DA:62,11
DA:65,11
DA:66,4
DA:70,7
DA:74,4
DA:75,0
DA:79,4
DA:85,4
DA:87,4
DA:98,7
DA:99,0
DA:103,7
DA:106,6
DA:113,6
DA:115,6
DA:125,7
DA:126,0
DA:129,7
DA:132,7
DA:133,12
DA:134,6
DA:135,6
DA:139,1
DA:145,0
DA:149,14
DA:150,0
DA:152,14
DA:153,14
DA:154,14
LF:47
LH:36
BRDA:29,0,0,12
BRDA:29,0,1,0
BRDA:31,1,0,12
BRDA:31,1,1,0
BRDA:37,2,0,0
BRDA:37,2,1,0
BRDA:58,3,0,1
BRDA:58,3,1,11
BRDA:58,4,0,12
BRDA:58,4,1,1
BRDA:65,5,0,4
BRDA:65,5,1,7
BRDA:74,6,0,0
BRDA:74,6,1,4
BRDA:98,7,0,0
BRDA:98,7,1,7
BRDA:125,8,0,0
BRDA:125,8,1,7
BRDA:132,9,0,6
BRDA:132,9,1,1
BRDA:132,10,0,7
BRDA:132,10,1,6
BRDA:134,11,0,6
BRDA:134,11,1,0
BRDA:134,12,0,6
BRDA:134,12,1,6
BRDA:149,13,0,0
BRDA:149,13,1,14
BRDA:149,14,0,14
BRDA:149,14,1,11
BRF:30
BRH:21
end_of_record
TN:
SF:src/handlers/base.ts
FN:14,(anonymous_0)
FN:32,(anonymous_1)
FN:39,(anonymous_2)
FN:48,(anonymous_3)
FNF:4
FNH:3
FNDA:34,(anonymous_0)
FNDA:0,(anonymous_1)
FNDA:10,(anonymous_2)
FNDA:10,(anonymous_3)
DA:15,34
DA:16,34
DA:17,34
DA:20,34
DA:33,0
DA:40,10
DA:41,10
DA:42,10
DA:49,10
DA:50,10
DA:51,10
DA:52,10
LF:12
LH:11
BRDA:40,0,0,9
BRDA:50,1,0,10
BRDA:50,1,1,0
BRF:3
BRH:2
end_of_record
TN:
SF:src/handlers/factory.ts
FN:9,createNetworkHandler
FNF:1
FNH:0
FNDA:0,createNetworkHandler
DA:14,0
DA:15,0
DA:16,0
DA:20,0
DA:22,0
DA:23,0
DA:27,0
DA:33,0
DA:36,0
LF:9
LH:0
BRDA:15,0,0,0
BRDA:15,0,1,0
BRDA:22,1,0,0
BRDA:22,1,1,0
BRDA:27,2,0,0
BRDA:27,2,1,0
BRDA:28,3,0,0
BRDA:28,3,1,0
BRDA:28,3,2,0
BRDA:28,3,3,0
BRF:10
BRH:0
end_of_record
TN:
SF:src/handlers/hydration.ts
FN:17,(anonymous_0)
FN:26,(anonymous_1)
FN:50,(anonymous_2)
FN:72,(anonymous_3)
FN:95,(anonymous_4)
FN:98,(anonymous_5)
FN:120,(anonymous_6)
FN:161,(anonymous_7)
FN:204,(anonymous_8)
FN:224,(anonymous_9)
FN:242,(anonymous_10)
FN:246,(anonymous_11)
FNF:12
FNH:11
FNDA:20,(anonymous_0)
FNDA:19,(anonymous_1)
FNDA:2,(anonymous_2)
FNDA:17,(anonymous_3)
FNDA:24,(anonymous_4)
FNDA:22,(anonymous_5)
FNDA:8,(anonymous_6)
FNDA:2,(anonymous_7)
FNDA:20,(anonymous_8)
FNDA:1,(anonymous_9)
FNDA:0,(anonymous_10)
FNDA:20,(anonymous_11)
DA:13,20
DA:14,20
DA:15,20
DA:23,20
DA:28,19
DA:29,19
DA:30,19
DA:31,19
DA:32,19
DA:36,0
DA:39,0
DA:41,0
DA:42,0
DA:46,0
DA:47,0
DA:55,2
DA:57,2
DA:58,0
DA:62,2
DA:63,1
DA:66,1
DA:73,17
DA:75,17
DA:76,1
DA:80,16
DA:81,16
DA:82,2
DA:86,14
DA:87,1
DA:89,13
DA:90,1
DA:94,12
DA:95,24
DA:97,12
DA:98,22
DA:101,12
DA:102,1
DA:104,11
DA:105,1
DA:109,10
DA:110,10
DA:113,10
DA:114,8
DA:116,2
DA:127,8
DA:128,0
DA:132,8
DA:136,8
DA:137,8
DA:138,8
DA:141,8
DA:150,8
DA:152,8
DA:168,2
DA:169,0
DA:173,2
DA:176,2
DA:177,2
DA:178,2
DA:181,2
DA:190,2
DA:192,2
DA:205,20
DA:206,7
DA:211,13
DA:217,13
DA:218,13
DA:221,0
DA:225,1
DA:226,0
DA:229,1
DA:234,1
DA:236,1
DA:243,0
DA:247,20
DA:248,0
DA:250,20
DA:251,20
DA:252,20
LF:79
LH:66
BRDA:28,0,0,19
BRDA:28,0,1,0
BRDA:30,1,0,19
BRDA:30,1,1,0
BRDA:36,2,0,0
BRDA:36,2,1,0
BRDA:57,3,0,0
BRDA:57,3,1,2
BRDA:57,4,0,2
BRDA:57,4,1,0
BRDA:62,5,0,1
BRDA:62,5,1,1
BRDA:75,6,0,1
BRDA:75,6,1,16
BRDA:75,7,0,17
BRDA:75,7,1,1
BRDA:80,8,0,16
BRDA:80,8,1,8
BRDA:81,9,0,2
BRDA:81,9,1,14
BRDA:81,10,0,16
BRDA:81,10,1,15
BRDA:86,11,0,1
BRDA:86,11,1,13
BRDA:86,12,0,14
BRDA:86,12,1,3
BRDA:89,13,0,1
BRDA:89,13,1,12
BRDA:89,14,0,13
BRDA:89,14,1,11
BRDA:101,15,0,1
BRDA:101,15,1,11
BRDA:104,16,0,1
BRDA:104,16,1,10
BRDA:113,17,0,8
BRDA:113,17,1,2
BRDA:127,18,0,0
BRDA:127,18,1,8
BRDA:168,19,0,0
BRDA:168,19,1,2
BRDA:205,20,0,7
BRDA:205,20,1,13
BRDA:217,21,0,13
BRDA:217,21,1,0
BRDA:225,22,0,0
BRDA:225,22,1,1
BRDA:247,23,0,0
BRDA:247,23,1,20
BRDA:247,24,0,20
BRDA:247,24,1,19
BRF:50
BRH:39
end_of_record
